[{"stream_name":"stderr","time":6.470501507,"data":"0.00s - Debugger warning: It seems that frozen modules are being used, which may\n"}
,{"stream_name":"stderr","time":6.47056331,"data":"0.00s - make the debugger miss breakpoints. Please pass -Xfrozen_modules=off\n"}
,{"stream_name":"stderr","time":6.470568812,"data":"0.00s - to python to disable frozen modules.\n"}
,{"stream_name":"stderr","time":6.470571453,"data":"0.00s - Note: Debugging will proceed. Set PYDEVD_DISABLE_FILE_VALIDATION=1 to disable this validation.\n"}
,{"stream_name":"stderr","time":7.07583505,"data":"0.00s - Debugger warning: It seems that frozen modules are being used, which may\n"}
,{"stream_name":"stderr","time":7.075890091,"data":"0.00s - make the debugger miss breakpoints. Please pass -Xfrozen_modules=off\n"}
,{"stream_name":"stderr","time":7.075897492,"data":"0.00s - to python to disable frozen modules.\n"}
,{"stream_name":"stderr","time":7.075902731,"data":"0.00s - Note: Debugging will proceed. Set PYDEVD_DISABLE_FILE_VALIDATION=1 to disable this validation.\n"}
,{"stream_name":"stdout","time":10.243225314,"data":"Collecting cloudinary\r\n"}
,{"stream_name":"stdout","time":10.293885297,"data":"  Downloading cloudinary-1.44.2-py3-none-any.whl.metadata (8.0 kB)\r\n"}
,{"stream_name":"stdout","time":10.344678382,"data":"Requirement already satisfied: six in /usr/local/lib/python3.12/dist-packages (from cloudinary) (1.17.0)\r\n"}
,{"stream_name":"stdout","time":10.344714301,"data":"Requirement already satisfied: urllib3\u003e=1.26.5 in /usr/local/lib/python3.12/dist-packages (from cloudinary) (2.5.0)\r\n"}
,{"stream_name":"stdout","time":10.344720382,"data":"Requirement already satisfied: certifi in /usr/local/lib/python3.12/dist-packages (from cloudinary) (2026.1.4)\r\n"}
,{"stream_name":"stdout","time":10.3447249,"data":"Downloading cloudinary-1.44.2-py3-none-any.whl (147 kB)\r\n"}
,{"stream_name":"stdout","time":10.395067049,"data":"\u001b[?25l   \u001b[90m━━━━━━━━━━━━━━━━━━━━━━━━━━━━━━━━━━━━━━━━\u001b[0m \u001b[32m0.0/147.8 kB\u001b[0m \u001b[31m?\u001b[0m eta \u001b[36m-:--:--\u001b[0m\r\u001b[2K   \u001b[90m━━━━━━━━━━━━━━━━━━━━━━━━━━━━━━━━━━━━━━━━\u001b[0m \u001b[32m147.8/147.8 kB\u001b[0m \u001b[31m4.8 MB/s\u001b[0m eta \u001b[36m0:00:00\u001b[0m\r\n"}
,{"stream_name":"stdout","time":12.420703954,"data":"\u001b[?25hInstalling collected packages: cloudinary\r\n"}
,{"stream_name":"stdout","time":12.471329907,"data":"Successfully installed cloudinary-1.44.2\r\n"}
,{"stream_name":"stdout","time":13.007302341,"data":"جاري جلب قائمة الصور...\n"}
,{"stream_name":"stdout","time":13.426286473,"data":"جاري جلب قائمة ملفات التكست...\n"}
,{"stream_name":"stdout","time":14.056764751,"data":"Downloading: 000706_0.jpg ... ✅ Done\n"}
,{"stream_name":"stdout","time":14.702491152,"data":"Downloading: 000706_1.jpg ... ✅ Done\n"}
,{"stream_name":"stdout","time":14.917791384000001,"data":"Downloading: category.txt ... ✅ Done\n"}
,{"stream_name":"stdout","time":14.917815532,"data":"\n"}
,{"stream_name":"stdout","time":14.917820116,"data":"✨ تم تحميل جميع الملفات بنجاح في المسار: /kaggle/working/downloaded_data/images/\n"}
,{"stream_name":"stdout","time":15.117479471,"data":"--- STARTING FINAL UPLOAD ---\n"}
,{"stream_name":"stdout","time":15.672374373,"data":"--- UPLOAD SUCCESS: https://res.cloudinary.com/dcfpjav83/raw/upload/v1782286606/IT/job.txt ---\n"}
,{"stream_name":"stdout","time":15.700936269,"data":"Top\n"}
,{"stream_name":"stdout","time":16.113626849,"data":"Cloning into 'ita-mdt_code'...\r\n"}
,{"stream_name":"stdout","time":16.723678187,"data":"remote: Enumerating objects: 95, done.\u001b[K\r\n"}
,{"stream_name":"stdout","time":16.723703695,"data":"remote: Counting objects:   1% (1/95)\u001b[K\rremote: Counting objects:   2% (2/95)\u001b[K\rremote: Counting objects:   3% (3/95)\u001b[K\rremote: Counting objects:   4% (4/95)\u001b[K\rremote: Counting objects:   5% (5/95)\u001b[K\rremote: Counting objects:   6% (6/95)\u001b[K\rremote: Counting objects:   7% (7/95)\u001b[K\rremote: Counting objects:   8% (8/95)\u001b[K\rremote: Counting objects:   9% (9/95)\u001b[K\rremote: Counting objects:  10% (10/95)\u001b[K\rremote: Counting objects:  11% (11/95)\u001b[K\rremote: Counting objects:  12% (12/95)\u001b[K\rremote: Counting objects:  13% (13/95)\u001b[K\rremote: Counting objects:  14% (14/95)\u001b[K\rremote: Counting objects:  15% (15/95)\u001b[K\rremote: Counting objects:  16% (16/95)\u001b[K\rremote: Counting objects:  17% (17/95)\u001b[K\rremote: Counting objects:  18% (18/95)\u001b[K\rremote: Counting objects:  20% (19/95)\u001b[K\rremote: Counting objects:  21% (20/95)\u001b[K\rremote: Counting objects:  22% (21/95)\u001b[K\rremote: Counting objects:  23% (22/95)\u001b[K\rremote: Counting objects:  24% (23/95)\u001b[K\rremote: Counting objects:  25% (24/95)\u001b[K\rremote: Counting objects:  26% (25/95)\u001b[K\rremote: Counting objects:  27% (26/95)\u001b[K\rremote: Counting objects:  28% (27/95)\u001b[K\rremote: Counting objects:  29% (28/95)\u001b[K\rremote: Counting objects:  30% (29/95)\u001b[K\rremote: Counting objects:  31% (30/95)\u001b[K\rremote: Counting objects:  32% (31/95)\u001b[K\rremote: Counting objects:  33% (32/95)\u001b[K\rremote: Counting objects:  34% (33/95)\u001b[K\rremote: Counting objects:  35% (34/95)\u001b[K\rremote: Counting objects:  36% (35/95)\u001b[K\rremote: Counting objects:  37% (36/95)\u001b[K\rremote: Counting objects:  38% (37/95)\u001b[K\rremote: Counting objects:  40% (38/95)\u001b[K\rremote: Counting objects:  41% (39/95)\u001b[K\rremote: Counting objects:  42% (40/95)\u001b[K\rremote: Counting objects:  43% (41/95)\u001b[K\rremote: Counting objects:  44% (42/95)\u001b[K\rremote: Counting objects:  45% (43/95)\u001b[K\rremote: Counting objects:  46% (44/95)\u001b[K\rremote: Counting objects:  47% (45/95)\u001b[K\rremote: Counting objects:  48% (46/95)\u001b[K\rremote: Counting objects:  49% (47/95)\u001b[K\rremote: Counting objects:  50% (48/95)\u001b[K\rremote: Counting objects:  51% (49/95)\u001b[K\rremote: Counting objects:  52% (50/95)\u001b[K\rremote: Counting objects:  53% (51/95)\u001b[K\rremote: Counting objects:  54% (52/95)\u001b[K\rremote: Counting objects:  55% (53/95)\u001b[K\rremote: Counting objects:  56% (54/95)\u001b[K\rremote: Counting objects:  57% (55/95)\u001b[K\rremote: Counting objects:  58% (56/95)\u001b[K\rremote: Counting objects:  60% (57/95)\u001b[K\rremote: Counting objects:  61% (58/95)\u001b[K\rremote: Counting objects:  62% (59/95)\u001b[K\rremote: Counting objects:  63% (60/95)\u001b[K\rremote: Counting objects:  64% (61/95)\u001b[K\rremote: Counting objects:  65% (62/95)\u001b[K\rremote: Counting objects:  66% (63/95)\u001b[K\rremote: Counting objects:  67% (64/95)\u001b[K\rremote: Counting objects:  68% (65/95)\u001b[K\rremote: Counting objects:  69% (66/95)\u001b[K\rremote: Counting objects:  70% (67/95)\u001b[K\rremote: Counting objects:  71% (68/95)\u001b[K\rremote: Counting objects:  72% (69/95)\u001b[K\rremote: Counting objects:  73% (70/95)\u001b[K\rremote: Counting objects:  74% (71/95)\u001b[K\rremote: Counting objects:  75% (72/95)\u001b[K\rremote: Counting objects:  76% (73/95)\u001b[K\rremote: Counting objects:  77% (74/95)\u001b[K\rremote: Counting objects:  78% (75/95)\u001b[K\rremote: Counting objects:  80% (76/95)\u001b[K\rremote: Counting objects:  81% (77/95)\u001b[K\rremote: Counting objects:  82% (78/95)\u001b[K\rremote: Counting objects:  83% (79/95)\u001b[K\rremote: Counting objects:  84% (80/95)\u001b[K\rremote: Counting objects:  85% (81/95)\u001b[K\rremote: Counting objects:  86% (82/95)\u001b[K\rremote: Counting objects:  87% (83/95)\u001b[K\rremote: Counting objects:  88% (84/95)\u001b[K\rremote: Counting objects:  89% (85/95)\u001b[K\rremote: Counting objects:  90% (86/95)\u001b[K\rremote: Counting objects:  91% (87/95)\u001b[K\rremote: Counting objects:  92% (88/95)\u001b[K\rremote: Counting objects:  93% (89/95)\u001b[K\rremote: Counting objects:  94% (90/95)\u001b[K\rremote: Counting objects:  95% (91/95)\u001b[K\rremote: Counting objects:  96% (92/95)\u001b[K\rremote: Counting objects:  97% (93/95)\u001b[K\rremote: Counting objects:  98% (94/95)\u001b[K\rremote: Counting objects: 100% (95/95)\u001b[K\rremote: Counting objects: 100% (95/95), done.\u001b[K\r\n"}
,{"stream_name":"stdout","time":16.723743949,"data":"remote: Compressing objects:   1% (1/80)\u001b[K\rremote: Compressing objects:   2% (2/80)\u001b[K\rremote: Compressing objects:   3% (3/80)\u001b[K\rremote: Compressing objects:   5% (4/80)\u001b[K\rremote: Compressing objects:   6% (5/80)\u001b[K\rremote: Compressing objects:   7% (6/80)\u001b[K\rremote: Compressing objects:   8% (7/80)\u001b[K\rremote: Compressing objects:  10% (8/80)\u001b[K\rremote: Compressing objects:  11% (9/80)\u001b[K\rremote: Compressing objects:  12% (10/80)\u001b[K\rremote: Compressing objects:  13% (11/80)\u001b[K\rremote: Compressing objects:  15% (12/80)\u001b[K\rremote: Compressing objects:  16% (13/80)\u001b[K\rremote: Compressing objects:  17% (14/80)\u001b[K\rremote: Compressing objects:  18% (15/80)\u001b[K\rremote: Compressing objects:  20% (16/80)\u001b[K\rremote: Compressing objects:  21% (17/80)\u001b[K\rremote: Compressing objects:  22% (18/80)\u001b[K\rremote: Compressing objects:  23% (19/80)\u001b[K\rremote: Compressing objects:  25% (20/80)\u001b[K\rremote: Compressing objects:  26% (21/80)\u001b[K\rremote: Compressing objects:  27% (22/80)\u001b[K\rremote: Compressing objects:  28% (23/80)\u001b[K\rremote: Compressing objects:  30% (24/80)\u001b[K\rremote: Compressing objects:  31% (25/80)\u001b[K\rremote: Compressing objects:  32% (26/80)\u001b[K\rremote: Compressing objects:  33% (27/80)\u001b[K\rremote: Compressing objects:  35% (28/80)\u001b[K\rremote: Compressing objects:  36% (29/80)\u001b[K\rremote: Compressing objects:  37% (30/80)\u001b[K\rremote: Compressing objects:  38% (31/80)\u001b[K\rremote: Compressing objects:  40% (32/80)\u001b[K\rremote: Compressing objects:  41% (33/80)\u001b[K\rremote: Compressing objects:  42% (34/80)\u001b[K\rremote: Compressing objects:  43% (35/80)\u001b[K\rremote: Compressing objects:  45% (36/80)\u001b[K\rremote: Compressing objects:  46% (37/80)\u001b[K\rremote: Compressing objects:  47% (38/80)\u001b[K\rremote: Compressing objects:  48% (39/80)\u001b[K\rremote: Compressing objects:  50% (40/80)\u001b[K\rremote: Compressing objects:  51% (41/80)\u001b[K\rremote: Compressing objects:  52% (42/80)\u001b[K\rremote: Compressing objects:  53% (43/80)\u001b[K\rremote: Compressing objects:  55% (44/80)\u001b[K\rremote: Compressing objects:  56% (45/80)\u001b[K\rremote: Compressing objects:  57% (46/80)\u001b[K\rremote: Compressing objects:  58% (47/80)\u001b[K\rremote: Compressing objects:  60% (48/80)\u001b[K\rremote: Compressing objects:  61% (49/80)\u001b[K\rremote: Compressing objects:  62% (50/80)\u001b[K\rremote: Compressing objects:  63% (51/80)\u001b[K\rremote: Compressing objects:  65% (52/80)\u001b[K\rremote: Compressing objects:  66% (53/80)\u001b[K\rremote: Compressing objects:  67% (54/80)\u001b[K\rremote: Compressing objects:  68% (55/80)\u001b[K\rremote: Compressing objects:  70% (56/80)\u001b[K\rremote: Compressing objects:  71% (57/80)\u001b[K\rremote: Compressing objects:  72% (58/80)\u001b[K\rremote: Compressing objects:  73% (59/80)\u001b[K\rremote: Compressing objects:  75% (60/80)\u001b[K\rremote: Compressing objects:  76% (61/80)\u001b[K\rremote: Compressing objects:  77% (62/80)\u001b[K\rremote: Compressing objects:  78% (63/80)\u001b[K\rremote: Compressing objects:  80% (64/80)\u001b[K\rremote: Compressing objects:  81% (65/80)\u001b[K\rremote: Compressing objects:  82% (66/80)\u001b[K\rremote: Compressing objects:  83% (67/80)\u001b[K\rremote: Compressing objects:  85% (68/80)\u001b[K\rremote: Compressing objects:  86% (69/80)\u001b[K\rremote: Compressing objects:  87% (70/80)\u001b[K\rremote: Compressing objects:  88% (71/80)\u001b[K\rremote: Compressing objects:  90% (72/80)\u001b[K\rremote: Compressing objects:  91% (73/80)\u001b[K\rremote: Compressing objects:  92% (74/80)\u001b[K\rremote: Compressing objects:  93% (75/80)\u001b[K\rremote: Compressing objects:  95% (76/80)\u001b[K\rremote: Compressing objects:  96% (77/80)\u001b[K\rremote: Compressing objects:  97% (78/80)\u001b[K\rremote: Compressing objects:  98% (79/80)\u001b[K\rremote: Compressing objects: 100% (80/80)\u001b[K\rremote: Compressing objects: 100% (80/80), done.\u001b[K\r\n"}
,{"stream_name":"stdout","time":17.027330058,"data":"Receiving objects:   1% (1/95)\rReceiving objects:   2% (2/95)\rReceiving objects:   3% (3/95)\rReceiving objects:   4% (4/95)\rReceiving objects:   5% (5/95)\rReceiving objects:   6% (6/95)\rReceiving objects:   7% (7/95)\rReceiving objects:   8% (8/95)\rReceiving objects:   9% (9/95)\rReceiving objects:  10% (10/95)\rReceiving objects:  11% (11/95)\rReceiving objects:  12% (12/95)\rReceiving objects:  13% (13/95)\rReceiving objects:  14% (14/95)\rReceiving objects:  15% (15/95)\rReceiving objects:  16% (16/95)\rReceiving objects:  17% (17/95)\rReceiving objects:  18% (18/95)\rReceiving objects:  20% (19/95)\rReceiving objects:  21% (20/95)\rReceiving objects:  22% (21/95)\rReceiving objects:  23% (22/95)\rReceiving objects:  24% (23/95)\rReceiving objects:  25% (24/95)\rReceiving objects:  26% (25/95)\rReceiving objects:  27% (26/95)\rReceiving objects:  28% (27/95)\rReceiving objects:  29% (28/95)\rReceiving objects:  30% (29/95)\rReceiving objects:  31% (30/95)\rReceiving objects:  32% (31/95)\rReceiving objects:  33% (32/95)\rReceiving objects:  34% (33/95)\rReceiving objects:  35% (34/95)\rReceiving objects:  36% (35/95)\rReceiving objects:  37% (36/95)\rReceiving objects:  38% (37/95)\rReceiving objects:  40% (38/95)\rReceiving objects:  41% (39/95)\rReceiving objects:  42% (40/95)\rReceiving objects:  43% (41/95)\rReceiving objects:  44% (42/95)\rReceiving objects:  45% (43/95)\rReceiving objects:  46% (44/95)\rReceiving objects:  47% (45/95)\rReceiving objects:  48% (46/95)\rReceiving objects:  49% (47/95)\rReceiving objects:  50% (48/95)\rReceiving objects:  51% (49/95)\rReceiving objects:  52% (50/95)\rReceiving objects:  53% (51/95)\rReceiving objects:  54% (52/95)\rReceiving objects:  55% (53/95)\rReceiving objects:  56% (54/95)\rReceiving objects:  57% (55/95)\rReceiving objects:  58% (56/95)\rReceiving objects:  60% (57/95)\rReceiving objects:  61% (58/95)\rReceiving objects:  62% (59/95)\rReceiving objects:  63% (60/95)\rReceiving objects:  64% (61/95)\rReceiving objects:  65% (62/95)\rReceiving objects:  66% (63/95)\rReceiving objects:  67% (64/95)\rReceiving objects:  68% (65/95)\rReceiving objects:  69% (66/95)\rReceiving objects:  70% (67/95)\rReceiving objects:  71% (68/95)\rReceiving objects:  72% (69/95)\rReceiving objects:  73% (70/95)\rReceiving objects:  74% (71/95)\rReceiving objects:  75% (72/95)\rReceiving objects:  76% (73/95)\rReceiving objects:  77% (74/95)\rReceiving objects:  78% (75/95)\rReceiving objects:  80% (76/95)\rReceiving objects:  81% (77/95)\rReceiving objects:  82% (78/95)\rReceiving objects:  83% (79/95)\rReceiving objects:  84% (80/95)\rReceiving objects:  85% (81/95)\rReceiving objects:  86% (82/95)\rReceiving objects:  87% (83/95)\rReceiving objects:  88% (84/95)\rReceiving objects:  89% (85/95)\rReceiving objects:  90% (86/95)\rReceiving objects:  91% (87/95)\rReceiving objects:  92% (88/95)\rReceiving objects:  93% (89/95)\rremote: Total 95 (delta 31), reused 47 (delta 9), pack-reused 0 (from 0)\u001b[K\r\n"}
,{"stream_name":"stdout","time":17.027376852,"data":"Receiving objects:  94% (90/95)\rReceiving objects:  95% (91/95)\rReceiving objects:  96% (92/95)\rReceiving objects:  97% (93/95)\rReceiving objects:  98% (94/95)\rReceiving objects: 100% (95/95)\rReceiving objects: 100% (95/95), 10.89 MiB | 38.73 MiB/s, done.\r\n"}
,{"stream_name":"stdout","time":17.027390955,"data":"Resolving deltas:   0% (0/31)\rResolving deltas:   3% (1/31)\rResolving deltas:   6% (2/31)\rResolving deltas:   9% (3/31)\rResolving deltas:  12% (4/31)\rResolving deltas:  16% (5/31)\rResolving deltas:  22% (7/31)\rResolving deltas:  25% (8/31)\rResolving deltas:  29% (9/31)\rResolving deltas:  32% (10/31)\rResolving deltas:  35% (11/31)\rResolving deltas:  38% (12/31)\rResolving deltas:  41% (13/31)\rResolving deltas:  45% (14/31)\rResolving deltas:  48% (15/31)\rResolving deltas:  51% (16/31)\rResolving deltas:  54% (17/31)\rResolving deltas:  58% (18/31)\rResolving deltas:  61% (19/31)\rResolving deltas:  64% (20/31)\rResolving deltas:  67% (21/31)\rResolving deltas:  70% (22/31)\rResolving deltas:  74% (23/31)\rResolving deltas:  77% (24/31)\rResolving deltas:  80% (25/31)\rResolving deltas:  83% (26/31)\rResolving deltas:  87% (27/31)\rResolving deltas:  90% (28/31)\rResolving deltas:  93% (29/31)\rResolving deltas:  96% (30/31)\rResolving deltas: 100% (31/31)\rResolving deltas: 100% (31/31), done.\r\n"}
,{"stream_name":"stdout","time":17.357701955,"data":"total 140\r\n"}
,{"stream_name":"stdout","time":17.357733875,"data":"drwxr-xr-x 8 root root  4096 Jun 24 07:59 .\r\n"}
,{"stream_name":"stdout","time":17.357737396,"data":"drwxr-xr-x 4 root root  4096 Jun 24 07:59 ..\r\n"}
,{"stream_name":"stdout","time":17.357739923,"data":"drwxr-xr-x 2 root root  4096 Jun 24 07:59 DATA\r\n"}
,{"stream_name":"stdout","time":17.357742201,"data":"-rw-r--r-- 1 root root  1051 Jun 24 07:59 environment.sh\r\n"}
,{"stream_name":"stdout","time":17.357744643,"data":"-rw-r--r-- 1 root root   356 Jun 24 07:59 eval.sh\r\n"}
,{"stream_name":"stdout","time":17.357746978,"data":"drwxr-xr-x 3 root root  4096 Jun 24 07:59 experiments\r\n"}
,{"stream_name":"stdout","time":17.357749314,"data":"-rw-r--r-- 1 root root  8584 Jun 24 07:59 generate_dc.py\r\n"}
,{"stream_name":"stdout","time":17.357751568,"data":"-rw-r--r-- 1 root root   641 Jun 24 07:59 generate_dc.sh\r\n"}
,{"stream_name":"stdout","time":17.357753895,"data":"-rw-r--r-- 1 root root  8362 Jun 24 07:59 generate_vitonhd.py\r\n"}
,{"stream_name":"stdout","time":17.35775615,"data":"-rw-r--r-- 1 root root   605 Jun 24 07:59 generate_vitonhd.sh\r\n"}
,{"stream_name":"stdout","time":17.357758485,"data":"drwxr-xr-x 8 root root  4096 Jun 24 07:59 .git\r\n"}
,{"stream_name":"stdout","time":17.357760715,"data":"drwxr-xr-x 2 root root  4096 Jun 24 07:59 images_github\r\n"}
,{"stream_name":"stdout","time":17.357762948,"data":"-rw-r--r-- 1 root root  5191 Jun 24 07:59 image_train.py\r\n"}
,{"stream_name":"stdout","time":17.357765268,"data":"-rw-r--r-- 1 root root 20849 Jun 24 07:59 LICENSE.txt\r\n"}
,{"stream_name":"stdout","time":17.3577675,"data":"drwxr-xr-x 2 root root  4096 Jun 24 07:59 masked_diffusion\r\n"}
,{"stream_name":"stdout","time":17.357769879,"data":"-rw-r--r-- 1 root root 12376 Jun 24 07:59 preprocess_salient_region_extraction.py\r\n"}
,{"stream_name":"stdout","time":17.357772405,"data":"-rw-r--r-- 1 root root  8886 Jun 24 07:59 README.md\r\n"}
,{"stream_name":"stdout","time":17.35777462,"data":"drwxr-xr-x 2 root root  4096 Jun 24 07:59 scr\r\n"}
,{"stream_name":"stdout","time":17.357776819,"data":"-rw-r--r-- 1 root root   164 Jun 24 07:59 setup.py\r\n"}
,{"stream_name":"stdout","time":17.357779059,"data":"-rw-r--r-- 1 root root   775 Jun 24 07:59 train.sh\r\n"}
,{"stream_name":"stderr","time":18.023894623,"data":"Traceback (most recent call last):\n"}
,{"stream_name":"stderr","time":18.023922882,"data":"  File \"\u003cstring\u003e\", line 1, in \u003cmodule\u003e\n"}
,{"stream_name":"stderr","time":18.023938116,"data":"  File \"/usr/local/lib/python3.12/dist-packages/papermill/execute.py\", line 131, in execute_notebook\n"}
,{"stream_name":"stderr","time":18.024068971,"data":"    raise_for_execution_errors(nb, output_path)\n"}
,{"stream_name":"stderr","time":18.024080829,"data":"  File \"/usr/local/lib/python3.12/dist-packages/papermill/execute.py\", line 251, in raise_for_execution_errors\n"}
,{"stream_name":"stderr","time":18.024321682,"data":"    raise error\n"}
,{"stream_name":"stderr","time":18.024552786,"data":"papermill.exceptions.PapermillExecutionError: \n"}
,{"stream_name":"stderr","time":18.024561311,"data":"---------------------------------------------------------------------------\n"}
,{"stream_name":"stderr","time":18.024565109,"data":"Exception encountered at \"In [23]\":\n"}
,{"stream_name":"stderr","time":18.024568731,"data":"---------------------------------------------------------------------------\n"}
,{"stream_name":"stderr","time":18.024572541,"data":"NameError                                 Traceback (most recent call last)\n"}
,{"stream_name":"stderr","time":18.024577856,"data":"/tmp/ipykernel_23/1966088539.py in \u003ccell line: 0\u003e()\n"}
,{"stream_name":"stderr","time":18.024581686,"data":"     13 \n"}
,{"stream_name":"stderr","time":18.024584987,"data":"     14 # BASE_INPUT = \"/kaggle/input/ita-try-user-input/close\"\n"}
,{"stream_name":"stderr","time":18.024588541,"data":"---\u003e 15 BASE_INPUT = dummy_input\n"}
,{"stream_name":"stderr","time":18.024592077,"data":"     16 BASE_WORK = images_path  # \"/kaggle/working/user/test\"\n"}
,{"stream_name":"stderr","time":18.024595878,"data":"     17 \n"}
,{"stream_name":"stderr","time":18.024604521,"data":"\n"}
,{"stream_name":"stderr","time":18.024607047,"data":"NameError: name 'dummy_input' is not defined\n"}
,{"stream_name":"stderr","time":18.024609495,"data":"\n"}
,{"stream_name":"stderr","time":20.07557215,"data":"/usr/local/lib/python3.12/dist-packages/mistune.py:435: SyntaxWarning: invalid escape sequence '\\|'\n"}
,{"stream_name":"stderr","time":20.075599001,"data":"  cells[i][c] = re.sub('\\\\\\\\\\|', '|', cell)\n"}
,{"stream_name":"stderr","time":20.22096103,"data":"/usr/local/lib/python3.12/dist-packages/nbconvert/filters/filter_links.py:36: SyntaxWarning: invalid escape sequence '\\_'\n"}
,{"stream_name":"stderr","time":20.220988973,"data":"  text = re.sub(r'_', '\\_', text) # Escape underscores in display text\n"}
,{"stream_name":"stderr","time":20.751179587,"data":"/usr/local/lib/python3.12/dist-packages/traitlets/traitlets.py:2915: FutureWarning: --Exporter.preprocessors=[\"remove_papermill_header.RemovePapermillHeader\"] for containers is deprecated in traitlets 5.0. You can pass `--Exporter.preprocessors item` ... multiple times to add items to a list.\n"}
,{"stream_name":"stderr","time":20.751229849,"data":"  warn(\n"}
,{"stream_name":"stderr","time":20.77793381,"data":"[NbConvertApp] Converting notebook __notebook__.ipynb to notebook\n"}
,{"stream_name":"stderr","time":21.140085425,"data":"[NbConvertApp] Writing 145542 bytes to __notebook__.ipynb\n"}
,{"stream_name":"stderr","time":23.393918875,"data":"/usr/local/lib/python3.12/dist-packages/traitlets/traitlets.py:2915: FutureWarning: --Exporter.preprocessors=[\"nbconvert.preprocessors.ExtractOutputPreprocessor\"] for containers is deprecated in traitlets 5.0. You can pass `--Exporter.preprocessors item` ... multiple times to add items to a list.\n"}
,{"stream_name":"stderr","time":23.393950948,"data":"  warn(\n"}
,{"stream_name":"stderr","time":23.413564336,"data":"[NbConvertApp] Converting notebook __notebook__.ipynb to html\n"}
,{"stream_name":"stderr","time":24.482330193,"data":"[NbConvertApp] Writing 601588 bytes to __results__.html\n"}
]